22/07/29 14:17:26 WARN NativeCodeLoader: Unable to load native-hadoop library for your platform... using builtin-java classes where applicable
22/07/29 14:17:30 WARN Client: Neither spark.yarn.jars nor spark.yarn.archive is set, falling back to uploading libraries under SPARK_HOME.
Spark context Web UI available at http://k69d11267.eu95sqa:4040
Spark context available as 'sc' (master = yarn, app id = application_1658822443457_0009).
Spark session available as 'spark'.
Welcome to
      ____              __
     / __/__  ___ _____/ /__
    _\ \/ _ \/ _ `/ __/  '_/
   /___/ .__/\_,_/_/ /_/\_\   version 3.3.0
      /_/
         
Using Scala version 2.12.15 (Java HotSpot(TM) 64-Bit Server VM, Java 1.8.0_333)
Type in expressions to have them evaluated.
Type :help for more information.

scala> :q[2D[Kspark.sql("DESC EXTENDED users Id").show[29D[KANALYZE TABLE users COMPUTE STATISTICS FOR ALL COLUMNS")[56D[KDESC EXTENDED users Id").show
+--------------+----------+
|     info_name|info_value|
+--------------+----------+
|      col_name|        Id|
|     data_type|       int|
|       comment|      NULL|
|           min|        -1|
|           max|     55747|
|     num_nulls|         0|
|distinct_count|     34884|
|   avg_col_len|         4|
|   max_col_len|         4|
|     histogram|      NULL|
+--------------+----------+


scala> 