Spark Command: /apsarapangu/disk3/spark/jdk1.8.0_333/bin/java -cp /apsarapangu/disk3/spark/spark-3.3.0/conf/:/apsarapangu/disk3/spark/spark-3.3.0/assembly/target/scala-2.12/jars/*:/apsarapangu/disk3/spark/hadoop-3.3.3/etc/hadoop/ -Dspark.history.retainedApplications=15 -Xmx1g org.apache.spark.deploy.history.HistoryServer
========================================
Using Spark's default log4j profile: org/apache/spark/log4j2-defaults.properties
22/09/28 20:15:44 INFO HistoryServer: Started daemon with process name: 24033@k69d11284.eu95sqa
22/09/28 20:15:44 INFO SignalUtils: Registering signal handler for TERM
22/09/28 20:15:44 INFO SignalUtils: Registering signal handler for HUP
22/09/28 20:15:44 INFO SignalUtils: Registering signal handler for INT
22/09/28 20:15:44 WARN NativeCodeLoader: Unable to load native-hadoop library for your platform... using builtin-java classes where applicable
22/09/28 20:15:44 INFO SecurityManager: Changing view acls to: chenxingguang.cxg
22/09/28 20:15:44 INFO SecurityManager: Changing modify acls to: chenxingguang.cxg
22/09/28 20:15:44 INFO SecurityManager: Changing view acls groups to: 
22/09/28 20:15:44 INFO SecurityManager: Changing modify acls groups to: 
22/09/28 20:15:44 INFO SecurityManager: SecurityManager: authentication disabled; ui acls disabled; users  with view permissions: Set(chenxingguang.cxg); groups with view permissions: Set(); users  with modify permissions: Set(chenxingguang.cxg); groups with modify permissions: Set()
22/09/28 20:15:44 INFO FsHistoryProvider: History server ui acls disabled; users with admin permissions: ; groups with admin permissions: 
22/09/28 20:15:45 INFO log: Logging initialized @2101ms to org.eclipse.jetty.util.log.Slf4jLog
22/09/28 20:15:45 INFO Server: jetty-9.4.46.v20220331; built: 2022-03-31T16:38:08.030Z; git: bc17a0369a11ecf40bb92c839b9ef0a8ac50ea18; jvm 1.8.0_333-b02
22/09/28 20:15:45 INFO Server: Started @2191ms
22/09/28 20:15:45 INFO AbstractConnector: Started ServerConnector@67eb732e{HTTP/1.1, (http/1.1)}{0.0.0.0:18080}
22/09/28 20:15:45 INFO Utils: Successfully started service 'HistoryServerUI' on port 18080.
22/09/28 20:15:45 INFO ContextHandler: Started o.e.j.s.ServletContextHandler@48c40605{/,null,AVAILABLE,@Spark}
22/09/28 20:15:45 INFO ContextHandler: Started o.e.j.s.ServletContextHandler@2e5c7f0b{/json,null,AVAILABLE,@Spark}
22/09/28 20:15:45 INFO ContextHandler: Started o.e.j.s.ServletContextHandler@4de025bf{/api,null,AVAILABLE,@Spark}
22/09/28 20:15:45 INFO ContextHandler: Started o.e.j.s.ServletContextHandler@5c1bd44c{/static,null,AVAILABLE,@Spark}
22/09/28 20:15:45 INFO ContextHandler: Started o.e.j.s.ServletContextHandler@660e9100{/history,null,AVAILABLE,@Spark}
22/09/28 20:15:45 INFO HistoryServer: Bound HistoryServer to 0.0.0.0, and started at http://k69d11284.eu95sqa:18080
22/09/28 20:15:45 INFO FsHistoryProvider: Parsing file:/tmp/spark-events/application_1664364465464_0005 for listing data...
22/09/28 20:15:45 INFO FsHistoryProvider: Finished parsing file:/tmp/spark-events/application_1664364465464_0005
22/09/28 20:16:25 INFO FsHistoryProvider: Parsing file:/tmp/spark-events/application_1664364465464_0007.inprogress for listing data...
22/09/28 20:16:25 INFO FsHistoryProvider: Finished parsing file:/tmp/spark-events/application_1664364465464_0007.inprogress
22/09/28 20:39:45 INFO FsHistoryProvider: Parsing file:/tmp/spark-events/application_1664364465464_0007 for listing data...
22/09/28 20:39:45 INFO FsHistoryProvider: Looking for end event; skipping 630144 bytes from file:/tmp/spark-events/application_1664364465464_0007...
22/09/28 20:39:45 INFO FsHistoryProvider: Finished parsing file:/tmp/spark-events/application_1664364465464_0007
22/09/28 20:40:05 INFO FsHistoryProvider: Parsing file:/tmp/spark-events/local-1664368804818.inprogress for listing data...
22/09/28 20:40:05 INFO FsHistoryProvider: Finished parsing file:/tmp/spark-events/local-1664368804818.inprogress
22/09/28 21:05:35 INFO FsHistoryProvider: Parsing file:/tmp/spark-events/local-1664368804818 for listing data...
22/09/28 21:05:35 INFO FsHistoryProvider: Looking for end event; skipping 8015423 bytes from file:/tmp/spark-events/local-1664368804818...
22/09/28 21:05:35 INFO FsHistoryProvider: Finished parsing file:/tmp/spark-events/local-1664368804818
22/09/28 21:23:05 INFO FsHistoryProvider: Parsing file:/tmp/spark-events/application_1664364465464_0010.inprogress for listing data...
22/09/28 21:23:05 INFO FsHistoryProvider: Finished parsing file:/tmp/spark-events/application_1664364465464_0010.inprogress
22/09/29 10:54:18 INFO FsHistoryProvider: Parsing file:/tmp/spark-events/application_1664364465464_0010 for listing data...
22/09/29 10:54:18 INFO FsHistoryProvider: Looking for end event; skipping 2200926504 bytes from file:/tmp/spark-events/application_1664364465464_0010...
22/09/29 10:54:18 INFO FsHistoryProvider: Finished parsing file:/tmp/spark-events/application_1664364465464_0010
22/09/29 11:06:28 INFO FsHistoryProvider: Parsing file:/tmp/spark-events/application_1664364465464_0011.inprogress for listing data...
22/09/29 11:06:28 INFO FsHistoryProvider: Finished parsing file:/tmp/spark-events/application_1664364465464_0011.inprogress
22/10/03 11:11:54 INFO FsHistoryProvider: Parsing file:/tmp/spark-events/application_1664364465464_0011 for listing data...
22/10/03 11:11:54 INFO FsHistoryProvider: Looking for end event; skipping 274668316 bytes from file:/tmp/spark-events/application_1664364465464_0011...
22/10/03 11:11:54 INFO FsHistoryProvider: Finished parsing file:/tmp/spark-events/application_1664364465464_0011
22/10/03 11:12:44 INFO FsHistoryProvider: Parsing file:/tmp/spark-events/application_1664364465464_0013.inprogress for listing data...
22/10/03 11:12:44 INFO FsHistoryProvider: Finished parsing file:/tmp/spark-events/application_1664364465464_0013.inprogress
22/10/03 11:51:24 INFO FsHistoryProvider: Parsing file:/tmp/spark-events/application_1664364465464_0013 for listing data...
22/10/03 11:51:24 INFO FsHistoryProvider: Looking for end event; skipping 292338424 bytes from file:/tmp/spark-events/application_1664364465464_0013...
22/10/03 11:51:24 INFO FsHistoryProvider: Finished parsing file:/tmp/spark-events/application_1664364465464_0013
22/10/03 12:30:04 INFO FsHistoryProvider: Parsing file:/tmp/spark-events/application_1664364465464_0014.inprogress for listing data...
22/10/03 12:30:04 INFO FsHistoryProvider: Finished parsing file:/tmp/spark-events/application_1664364465464_0014.inprogress
22/10/03 12:36:44 INFO FsHistoryProvider: Parsing file:/tmp/spark-events/application_1664364465464_0014 for listing data...
22/10/03 12:36:44 INFO FsHistoryProvider: Looking for end event; skipping 54964160 bytes from file:/tmp/spark-events/application_1664364465464_0014...
22/10/03 12:36:44 INFO FsHistoryProvider: Finished parsing file:/tmp/spark-events/application_1664364465464_0014
22/10/03 12:37:14 INFO FsHistoryProvider: Parsing file:/tmp/spark-events/application_1664364465464_0015.inprogress for listing data...
22/10/03 12:37:14 INFO FsHistoryProvider: Finished parsing file:/tmp/spark-events/application_1664364465464_0015.inprogress
22/10/03 14:38:24 INFO FsHistoryProvider: Parsing file:/tmp/spark-events/application_1664364465464_0015 for listing data...
22/10/03 14:38:24 INFO FsHistoryProvider: Looking for end event; skipping 1148005222 bytes from file:/tmp/spark-events/application_1664364465464_0015...
22/10/03 14:38:24 INFO FsHistoryProvider: Finished parsing file:/tmp/spark-events/application_1664364465464_0015
22/10/03 14:41:44 INFO FsHistoryProvider: Parsing file:/tmp/spark-events/application_1664364465464_0017.inprogress for listing data...
22/10/03 14:41:44 INFO FsHistoryProvider: Finished parsing file:/tmp/spark-events/application_1664364465464_0017.inprogress
22/10/03 14:44:05 INFO FsHistoryProvider: Parsing file:/tmp/spark-events/application_1664364465464_0017 for listing data...
22/10/03 14:44:05 INFO FsHistoryProvider: Looking for end event; skipping 5955812 bytes from file:/tmp/spark-events/application_1664364465464_0017...
22/10/03 14:44:05 INFO FsHistoryProvider: Finished parsing file:/tmp/spark-events/application_1664364465464_0017
22/10/03 14:46:15 INFO FsHistoryProvider: Parsing file:/tmp/spark-events/application_1664364465464_0019.inprogress for listing data...
22/10/03 14:46:15 INFO FsHistoryProvider: Finished parsing file:/tmp/spark-events/application_1664364465464_0019.inprogress
22/10/03 14:55:05 INFO FsHistoryProvider: Parsing file:/tmp/spark-events/application_1664364465464_0019 for listing data...
22/10/03 14:55:05 INFO FsHistoryProvider: Looking for end event; skipping 62451432 bytes from file:/tmp/spark-events/application_1664364465464_0019...
22/10/03 14:55:05 INFO FsHistoryProvider: Finished parsing file:/tmp/spark-events/application_1664364465464_0019
22/10/03 14:59:55 INFO FsHistoryProvider: Parsing file:/tmp/spark-events/application_1664364465464_0021.inprogress for listing data...
22/10/03 14:59:55 INFO FsHistoryProvider: Finished parsing file:/tmp/spark-events/application_1664364465464_0021.inprogress
22/10/04 10:36:38 INFO FsHistoryProvider: Parsing file:/tmp/spark-events/application_1664364465464_0021 for listing data...
22/10/04 10:36:38 INFO FsHistoryProvider: Looking for end event; skipping 8476657836 bytes from file:/tmp/spark-events/application_1664364465464_0021...
22/10/04 10:36:38 INFO FsHistoryProvider: Finished parsing file:/tmp/spark-events/application_1664364465464_0021
22/10/04 10:38:08 INFO FsHistoryProvider: Parsing file:/tmp/spark-events/application_1664364465464_0022.inprogress for listing data...
22/10/04 10:38:08 INFO FsHistoryProvider: Finished parsing file:/tmp/spark-events/application_1664364465464_0022.inprogress
22/10/05 16:26:03 INFO FsHistoryProvider: Parsing file:/tmp/spark-events/application_1664364465464_0022 for listing data...
22/10/05 16:26:03 INFO FsHistoryProvider: Looking for end event; skipping 15587450880 bytes from file:/tmp/spark-events/application_1664364465464_0022...
22/10/05 16:26:03 INFO FsHistoryProvider: Finished parsing file:/tmp/spark-events/application_1664364465464_0022
22/10/05 16:26:03 INFO FsHistoryProvider: Reparsing file:/tmp/spark-events/application_1664364465464_0022 since end event was not found.
22/10/05 16:26:03 INFO FsHistoryProvider: Parsing file:/tmp/spark-events/application_1664364465464_0022 for listing data...
22/10/05 16:27:01 INFO FsHistoryProvider: Finished parsing file:/tmp/spark-events/application_1664364465464_0022
